<!doctype html>
<html lang="en"><head><meta charSet="utf-8"/><meta http-equiv="X-UA-Compatible" content="IE=edge"/><meta name="viewport" content="width=device-width, initial-scale=1"/><title>Mochawesome Report</title><link rel="stylesheet" href="assets\app.css"/></head><body data-raw="{&quot;stats&quot;:{&quot;suites&quot;:1,&quot;tests&quot;:2,&quot;passes&quot;:0,&quot;pending&quot;:0,&quot;failures&quot;:2,&quot;start&quot;:&quot;2024-10-24T07:25:55.504Z&quot;,&quot;end&quot;:&quot;2024-10-24T07:27:20.456Z&quot;,&quot;duration&quot;:84952,&quot;testsRegistered&quot;:7,&quot;passPercent&quot;:0,&quot;pendingPercent&quot;:0,&quot;other&quot;:0,&quot;hasOther&quot;:false,&quot;skipped&quot;:5,&quot;hasSkipped&quot;:true},&quot;results&quot;:[{&quot;uuid&quot;:&quot;f260d425-046c-4879-9731-5654064fc3c7&quot;,&quot;title&quot;:&quot;&quot;,&quot;fullFile&quot;:&quot;cypress\\tests\\Signin.spec.js&quot;,&quot;file&quot;:&quot;cypress\\tests\\Signin.spec.js&quot;,&quot;beforeHooks&quot;:[],&quot;afterHooks&quot;:[],&quot;tests&quot;:[],&quot;suites&quot;:[{&quot;uuid&quot;:&quot;69fb9570-8c78-49f8-a63c-3e8bbc87c37a&quot;,&quot;title&quot;:&quot;User sign in process&quot;,&quot;fullFile&quot;:&quot;&quot;,&quot;file&quot;:&quot;&quot;,&quot;beforeHooks&quot;:[],&quot;afterHooks&quot;:[],&quot;tests&quot;:[{&quot;title&quot;:&quot;Verify user is able to sign in successfully&quot;,&quot;fullTitle&quot;:&quot;User sign in process Verify user is able to sign in successfully&quot;,&quot;duration&quot;:24344,&quot;state&quot;:&quot;failed&quot;,&quot;pass&quot;:false,&quot;fail&quot;:true,&quot;pending&quot;:false,&quot;code&quot;:&quot;const email = data.validEmail; // Get valid email from test data\nconst password = data.password; // Get valid password from test data\nsignIn.signIn(email, password); // Perform sign-in action\nsignIn.assertSuccess(); // Assert successful sign-in&quot;,&quot;err&quot;:{&quot;message&quot;:&quot;AssertionError: Timed out retrying after 12000ms: Expected to find content: &#x27;Refer &amp; earn!&#x27; within the selector: &#x27;span&#x27; but never did.&quot;,&quot;estack&quot;:&quot;AssertionError: Timed out retrying after 12000ms: Expected to find content: &#x27;Refer &amp; earn!&#x27; within the selector: &#x27;span&#x27; but never did.\n    at assertSuccess (webpack://risevest/./cypress/pageObjects/signinPage.js:43:40)\n    at  (webpack://risevest/./cypress/tests/Signin.spec.js:21:15)\n    at __webpack_modules__&lt;/setRunnable/runnable.fn (https://app.risevest.com/__cypress/runner/cypress_runner.js:138412:43)\n    at callFn (https://app.risevest.com/__cypress/runner/cypress_runner.js:157028:21)\n    at __webpack_modules__&lt;/Runnable.prototype.run (https://app.risevest.com/__cypress/runner/cypress_runner.js:157015:13)\n    at __webpack_modules__&lt;/create/onRunnableRun (https://app.risevest.com/__cypress/runner/cypress_runner.js:162939:30)\n    at finallyHandler (https://app.risevest.com/__cypress/runner/cypress_runner.js:4072:23)\n    at tryCatcher (https://app.risevest.com/__cypress/runner/cypress_runner.js:1807:23)\n    at __webpack_modules__&lt;/module.exports/Promise.prototype._settlePromiseFromHandler (https://app.risevest.com/__cypress/runner/cypress_runner.js:1519:31)\n    at __webpack_modules__&lt;/module.exports/Promise.prototype._settlePromise (https://app.risevest.com/__cypress/runner/cypress_runner.js:1576:18)\n    at __webpack_modules__&lt;/module.exports/Promise.prototype._settlePromise0 (https://app.risevest.com/__cypress/runner/cypress_runner.js:1621:10)\n    at __webpack_modules__&lt;/module.exports/Promise.prototype._settlePromises (https://app.risevest.com/__cypress/runner/cypress_runner.js:1701:18)\n    at _drainQueueStep (https://app.risevest.com/__cypress/runner/cypress_runner.js:2407:12)\n    at _drainQueue (https://app.risevest.com/__cypress/runner/cypress_runner.js:2400:24)\n    at __webpack_modules__&lt;/Async.prototype._drainQueues (https://app.risevest.com/__cypress/runner/cypress_runner.js:2416:16)\n    at __webpack_modules__&lt;/Async/this.drainQueues (https://app.risevest.com/__cypress/runner/cypress_runner.js:2286:14)&quot;},&quot;uuid&quot;:&quot;db6b393b-4328-473e-9603-ccaef5651728&quot;,&quot;parentUUID&quot;:&quot;69fb9570-8c78-49f8-a63c-3e8bbc87c37a&quot;,&quot;isHook&quot;:false,&quot;skipped&quot;:false},{&quot;title&quot;:&quot;Verify user is unable to sign in with a wrong email address&quot;,&quot;fullTitle&quot;:&quot;User sign in process Verify user is unable to sign in with a wrong email address&quot;,&quot;duration&quot;:60369,&quot;state&quot;:&quot;failed&quot;,&quot;pass&quot;:false,&quot;fail&quot;:true,&quot;pending&quot;:false,&quot;code&quot;:&quot;const email = data.wrongEmail; // Get wrong email from test data\nconst password = data.password; // Get valid password from test data\nsignIn.signIn(email, password); // Perform sign-in action\nsignIn.assertFailure(); // Assert failure due to wrong email&quot;,&quot;err&quot;:{&quot;message&quot;:&quot;CypressError: Timed out after waiting `60000ms` for your remote page to load.\n\nYour page did not fire its `load` event within `60000ms`.\n\nYou can try increasing the `pageLoadTimeout` value in `Users\\shola.olagbemisoye\\IdeaProjects\\Risevest\\Risevest\\cypress.config.js` to wait longer.\n\nBrowsers will not fire the `load` event until all stylesheets and scripts are done downloading.\n\nWhen this `load` event occurs, Cypress will continue running commands.\n\nBecause this error occurred during a `before each` hook we are skipping the remaining tests in the current suite: `User sign in process`&quot;,&quot;estack&quot;:&quot;CypressError: Timed out after waiting `60000ms` for your remote page to load.\n\nYour page did not fire its `load` event within `60000ms`.\n\nYou can try increasing the `pageLoadTimeout` value in `Users\\shola.olagbemisoye\\IdeaProjects\\Risevest\\Risevest\\cypress.config.js` to wait longer.\n\nBrowsers will not fire the `load` event until all stylesheets and scripts are done downloading.\n\nWhen this `load` event occurs, Cypress will continue running commands.\n\nBecause this error occurred during a `before each` hook we are skipping the remaining tests in the current suite: `User sign in process`\nat timedOutWaitingForPageLoad (https://app.risevest.com/__cypress/runner/cypress_runner.js:130682:64)\nat __webpack_modules__&lt;/__WEBPACK_DEFAULT_EXPORT__/visit (https://app.risevest.com/__cypress/runner/cypress_runner.js:131667:16)\nat tryCatcher (https://app.risevest.com/__cypress/runner/cypress_runner.js:1807:23)\nat __webpack_modules__&lt;/module.exports/catchFilter (https://app.risevest.com/__cypress/runner/cypress_runner.js:4186:41)\nat tryCatcher (https://app.risevest.com/__cypress/runner/cypress_runner.js:1807:23)\nat __webpack_modules__&lt;/module.exports/Promise.prototype._settlePromiseFromHandler (https://app.risevest.com/__cypress/runner/cypress_runner.js:1519:31)\nat __webpack_modules__&lt;/module.exports/Promise.prototype._settlePromise (https://app.risevest.com/__cypress/runner/cypress_runner.js:1576:18)\nat __webpack_modules__&lt;/module.exports/Promise.prototype._settlePromise0 (https://app.risevest.com/__cypress/runner/cypress_runner.js:1621:10)\nat __webpack_modules__&lt;/module.exports/Promise.prototype._settlePromises (https://app.risevest.com/__cypress/runner/cypress_runner.js:1697:18)\nat _drainQueueStep (https://app.risevest.com/__cypress/runner/cypress_runner.js:2407:12)\nat _drainQueue (https://app.risevest.com/__cypress/runner/cypress_runner.js:2400:24)\nat __webpack_modules__&lt;/Async.prototype._drainQueues (https://app.risevest.com/__cypress/runner/cypress_runner.js:2416:16)\nat __webpack_modules__&lt;/Async/this.drainQueues (https://app.risevest.com/__cypress/runner/cypress_runner.js:2286:14)\nFrom Your Spec Code:\n    at  (webpack://risevest/./cypress/tests/Signin.spec.js:13:11)\n    at __webpack_modules__&lt;/setRunnable/runnable.fn (https://app.risevest.com/__cypress/runner/cypress_runner.js:138412:43)\n    at callFn (https://app.risevest.com/__cypress/runner/cypress_runner.js:157028:21)\n    at __webpack_modules__&lt;/Runnable.prototype.run (https://app.risevest.com/__cypress/runner/cypress_runner.js:157015:13)\n    at __webpack_modules__&lt;/create/onRunnableRun (https://app.risevest.com/__cypress/runner/cypress_runner.js:162939:30)\n    at finallyHandler (https://app.risevest.com/__cypress/runner/cypress_runner.js:4072:23)\n    at tryCatcher (https://app.risevest.com/__cypress/runner/cypress_runner.js:1807:23)\n    at __webpack_modules__&lt;/module.exports/Promise.prototype._settlePromiseFromHandler (https://app.risevest.com/__cypress/runner/cypress_runner.js:1519:31)\n    at __webpack_modules__&lt;/module.exports/Promise.prototype._settlePromise (https://app.risevest.com/__cypress/runner/cypress_runner.js:1576:18)\n    at __webpack_modules__&lt;/module.exports/Promise.prototype._settlePromise0 (https://app.risevest.com/__cypress/runner/cypress_runner.js:1621:10)\n    at __webpack_modules__&lt;/module.exports/Promise.prototype._settlePromises (https://app.risevest.com/__cypress/runner/cypress_runner.js:1701:18)\n    at __webpack_modules__&lt;/module.exports/Promise.prototype._fulfill (https://app.risevest.com/__cypress/runner/cypress_runner.js:1645:18)\n    at __webpack_modules__&lt;/module.exports/Promise.prototype._settlePromise (https://app.risevest.com/__cypress/runner/cypress_runner.js:1589:21)\n    at __webpack_modules__&lt;/module.exports/Promise.prototype._settlePromise0 (https://app.risevest.com/__cypress/runner/cypress_runner.js:1621:10)\n    at __webpack_modules__&lt;/module.exports/Promise.prototype._settlePromises (https://app.risevest.com/__cypress/runner/cypress_runner.js:1701:18)\n    at __webpack_modules__&lt;/module.exports/Promise.prototype._fulfill (https://app.risevest.com/__cypress/runner/cypress_runner.js:1645:18)\n    at __webpack_modules__&lt;/module.exports/Promise.prototype._resolveCallback (https://app.risevest.com/__cypress/runner/cypress_runner.js:1439:57)\n    at __webpack_modules__&lt;/module.exports/Promise.prototype._settlePromiseFromHandler (https://app.risevest.com/__cypress/runner/cypress_runner.js:1531:17)\n    at __webpack_modules__&lt;/module.exports/Promise.prototype._settlePromise (https://app.risevest.com/__cypress/runner/cypress_runner.js:1576:18)\n    at __webpack_modules__&lt;/module.exports/Promise.prototype._settlePromise0 (https://app.risevest.com/__cypress/runner/cypress_runner.js:1621:10)\n    at __webpack_modules__&lt;/module.exports/Promise.prototype._settlePromises (https://app.risevest.com/__cypress/runner/cypress_runner.js:1701:18)\n    at __webpack_modules__&lt;/module.exports/Promise.prototype._fulfill (https://app.risevest.com/__cypress/runner/cypress_runner.js:1645:18)\n    at __webpack_modules__&lt;/module.exports/PromiseArray.prototype._resolve (https://app.risevest.com/__cypress/runner/cypress_runner.js:2932:19)\n    at __webpack_modules__&lt;/module.exports/PromiseArray.prototype._promiseFulfilled (https://app.risevest.com/__cypress/runner/cypress_runner.js:2950:14)\n    at __webpack_modules__&lt;/module.exports/PromiseArray.prototype._iterate (https://app.risevest.com/__cypress/runner/cypress_runner.js:2920:31)\n    at init (https://app.risevest.com/__cypress/runner/cypress_runner.js:2884:10)\n    at __webpack_modules__&lt;/module.exports/Promise.prototype._settlePromise (https://app.risevest.com/__cypress/runner/cypress_runner.js:1573:21)\n    at __webpack_modules__&lt;/module.exports/Promise.prototype._settlePromise0 (https://app.risevest.com/__cypress/runner/cypress_runner.js:1621:10)\n    at __webpack_modules__&lt;/module.exports/Promise.prototype._settlePromises (https://app.risevest.com/__cypress/runner/cypress_runner.js:1701:18)\n    at __webpack_modules__&lt;/module.exports/Promise.prototype._fulfill (https://app.risevest.com/__cypress/runner/cypress_runner.js:1645:18)\n    at __webpack_modules__&lt;/module.exports/PromiseArray.prototype._resolve (https://app.risevest.com/__cypress/runner/cypress_runner.js:2932:19)\n    at __webpack_modules__&lt;/module.exports/PromiseArray.prototype._promiseFulfilled (https://app.risevest.com/__cypress/runner/cypress_runner.js:2950:14)\n    at __webpack_modules__&lt;/module.exports/Promise.prototype._settlePromise (https://app.risevest.com/__cypress/runner/cypress_runner.js:1581:26)\n    at __webpack_modules__&lt;/module.exports/Promise.prototype._settlePromise0 (https://app.risevest.com/__cypress/runner/cypress_runner.js:1621:10)\n    at __webpack_modules__&lt;/module.exports/Promise.prototype._settlePromises (https://app.risevest.com/__cypress/runner/cypress_runner.js:1701:18)\n    at __webpack_modules__&lt;/module.exports/Promise.prototype._fulfill (https://app.risevest.com/__cypress/runner/cypress_runner.js:1645:18)\n    at __webpack_modules__&lt;/module.exports/PromiseArray.prototype._resolve (https://app.risevest.com/__cypress/runner/cypress_runner.js:2932:19)\n    at __webpack_modules__&lt;/module.exports/MappingPromiseArray.prototype._promiseFulfilled (https://app.risevest.com/__cypress/runner/cypress_runner.js:4987:18)\n    at __webpack_modules__&lt;/module.exports/Promise.prototype._settlePromise (https://app.risevest.com/__cypress/runner/cypress_runner.js:1581:26)\n    at __webpack_modules__&lt;/module.exports/Promise.prototype._settlePromise0 (https://app.risevest.com/__cypress/runner/cypress_runner.js:1621:10)\n    at __webpack_modules__&lt;/module.exports/Promise.prototype._settlePromises (https://app.risevest.com/__cypress/runner/cypress_runner.js:1701:18)\n    at _drainQueueStep (https://app.risevest.com/__cypress/runner/cypress_runner.js:2407:12)\n    at _drainQueue (https://app.risevest.com/__cypress/runner/cypress_runner.js:2400:24)\n    at __webpack_modules__&lt;/Async.prototype._drainQueues (https://app.risevest.com/__cypress/runner/cypress_runner.js:2416:16)\n    at __webpack_modules__&lt;/Async/this.drainQueues (https://app.risevest.com/__cypress/runner/cypress_runner.js:2286:14)&quot;},&quot;uuid&quot;:&quot;a2c5c9bf-2eb4-452b-8029-da3ebe25d9ee&quot;,&quot;parentUUID&quot;:&quot;69fb9570-8c78-49f8-a63c-3e8bbc87c37a&quot;,&quot;isHook&quot;:false,&quot;skipped&quot;:false},{&quot;title&quot;:&quot;Verify user is unable to sign in with an invalid email address&quot;,&quot;fullTitle&quot;:&quot;User sign in process Verify user is unable to sign in with an invalid email address&quot;,&quot;duration&quot;:0,&quot;state&quot;:&quot;skipped&quot;,&quot;pass&quot;:false,&quot;fail&quot;:false,&quot;pending&quot;:false,&quot;code&quot;:&quot;const email = data.invalidEmail; // Get invalid email from test data\nconst password = data.password; // Get valid password from test data\nsignIn.signIn(email, password); // Perform sign-in action\nsignIn.assertInvalidEmail(); // Assert failure due to invalid email format&quot;,&quot;err&quot;:{},&quot;uuid&quot;:&quot;53b92ae6-81c8-4cc4-8c8d-047940c321b0&quot;,&quot;parentUUID&quot;:&quot;69fb9570-8c78-49f8-a63c-3e8bbc87c37a&quot;,&quot;isHook&quot;:false,&quot;skipped&quot;:true},{&quot;title&quot;:&quot;Verify user is unable to sign in with invalid password&quot;,&quot;fullTitle&quot;:&quot;User sign in process Verify user is unable to sign in with invalid password&quot;,&quot;duration&quot;:0,&quot;state&quot;:&quot;skipped&quot;,&quot;pass&quot;:false,&quot;fail&quot;:false,&quot;pending&quot;:false,&quot;code&quot;:&quot;const email = data.validEmail; // Get valid email from test data\nconst password = data.invalidPassword; // Get invalid password from test data\nsignIn.signIn(email, password); // Perform sign-in action\nsignIn.assertFailure(); // Assert failure due to invalid password&quot;,&quot;err&quot;:{},&quot;uuid&quot;:&quot;0a19b53d-44e8-4642-b7fc-f3d3ed1ef02d&quot;,&quot;parentUUID&quot;:&quot;69fb9570-8c78-49f8-a63c-3e8bbc87c37a&quot;,&quot;isHook&quot;:false,&quot;skipped&quot;:true},{&quot;title&quot;:&quot;Verify user is unable to sign in with an empty password field&quot;,&quot;fullTitle&quot;:&quot;User sign in process Verify user is unable to sign in with an empty password field&quot;,&quot;duration&quot;:0,&quot;state&quot;:&quot;skipped&quot;,&quot;pass&quot;:false,&quot;fail&quot;:false,&quot;pending&quot;:false,&quot;code&quot;:&quot;const email = data.validEmail; // Get valid email from test data\nconst password = data.invalidPassword; // Get any password to clear later\nsignIn.signInEmptyPassword(email, password); // Perform sign-in with empty password\nsignIn.assertEmptyPassword(); // Assert failure due to empty password&quot;,&quot;err&quot;:{},&quot;uuid&quot;:&quot;2c67588a-0628-4a46-93a1-8678f9cbfc30&quot;,&quot;parentUUID&quot;:&quot;69fb9570-8c78-49f8-a63c-3e8bbc87c37a&quot;,&quot;isHook&quot;:false,&quot;skipped&quot;:true},{&quot;title&quot;:&quot;Verify user is unable to sign in with an empty email field&quot;,&quot;fullTitle&quot;:&quot;User sign in process Verify user is unable to sign in with an empty email field&quot;,&quot;duration&quot;:0,&quot;state&quot;:&quot;skipped&quot;,&quot;pass&quot;:false,&quot;fail&quot;:false,&quot;pending&quot;:false,&quot;code&quot;:&quot;const email = data.validEmail; // Get any email to clear later\nconst password = data.password; // Get valid password from test data\nsignIn.signInEmptyEmail(email, password); // Perform sign-in with empty email\nsignIn.assertEmptyEmail(); // Assert failure due to empty email&quot;,&quot;err&quot;:{},&quot;uuid&quot;:&quot;c939f220-aacf-42ae-be1a-9c2d6abda91c&quot;,&quot;parentUUID&quot;:&quot;69fb9570-8c78-49f8-a63c-3e8bbc87c37a&quot;,&quot;isHook&quot;:false,&quot;skipped&quot;:true},{&quot;title&quot;:&quot;Verify user is unable to sign in with an empty email and password field&quot;,&quot;fullTitle&quot;:&quot;User sign in process Verify user is unable to sign in with an empty email and password field&quot;,&quot;duration&quot;:0,&quot;state&quot;:&quot;skipped&quot;,&quot;pass&quot;:false,&quot;fail&quot;:false,&quot;pending&quot;:false,&quot;code&quot;:&quot;const email = data.validEmail; // Get any email to clear later\nconst password = data.password; // Get valid password from test data\nsignIn.signInEmptyEmailAndPassword(email, password); // Perform sign-in with both fields empty\nsignIn.assertEmptyEmail(); // Assert failure due to empty email\nsignIn.assertEmptyPassword(); // Assert failure due to empty password&quot;,&quot;err&quot;:{},&quot;uuid&quot;:&quot;5cdb30d3-21a4-4f35-92ff-f9a61ddaf6bb&quot;,&quot;parentUUID&quot;:&quot;69fb9570-8c78-49f8-a63c-3e8bbc87c37a&quot;,&quot;isHook&quot;:false,&quot;skipped&quot;:true}],&quot;suites&quot;:[],&quot;passes&quot;:[],&quot;failures&quot;:[&quot;db6b393b-4328-473e-9603-ccaef5651728&quot;,&quot;a2c5c9bf-2eb4-452b-8029-da3ebe25d9ee&quot;],&quot;pending&quot;:[],&quot;skipped&quot;:[&quot;53b92ae6-81c8-4cc4-8c8d-047940c321b0&quot;,&quot;0a19b53d-44e8-4642-b7fc-f3d3ed1ef02d&quot;,&quot;2c67588a-0628-4a46-93a1-8678f9cbfc30&quot;,&quot;c939f220-aacf-42ae-be1a-9c2d6abda91c&quot;,&quot;5cdb30d3-21a4-4f35-92ff-f9a61ddaf6bb&quot;],&quot;duration&quot;:84713,&quot;root&quot;:false,&quot;rootEmpty&quot;:false,&quot;_timeout&quot;:2000}],&quot;passes&quot;:[],&quot;failures&quot;:[],&quot;pending&quot;:[],&quot;skipped&quot;:[],&quot;duration&quot;:0,&quot;root&quot;:true,&quot;rootEmpty&quot;:true,&quot;_timeout&quot;:2000}],&quot;meta&quot;:{&quot;mocha&quot;:{&quot;version&quot;:&quot;7.0.1&quot;},&quot;mochawesome&quot;:{&quot;options&quot;:{&quot;quiet&quot;:false,&quot;reportFilename&quot;:&quot;mochawesome&quot;,&quot;saveHtml&quot;:true,&quot;saveJson&quot;:true,&quot;consoleReporter&quot;:&quot;spec&quot;,&quot;useInlineDiffs&quot;:false,&quot;code&quot;:true},&quot;version&quot;:&quot;7.1.3&quot;},&quot;marge&quot;:{&quot;options&quot;:{&quot;reportDir&quot;:&quot;cypress/reports/mochawesome&quot;,&quot;overwrite&quot;:false,&quot;html&quot;:true,&quot;json&quot;:true},&quot;version&quot;:&quot;6.2.0&quot;}}}" data-config="{&quot;reportFilename&quot;:&quot;mochawesome&quot;,&quot;reportDir&quot;:&quot;cypress/reports/mochawesome&quot;,&quot;reportTitle&quot;:&quot;Risevest&quot;,&quot;reportPageTitle&quot;:&quot;Mochawesome Report&quot;,&quot;inline&quot;:false,&quot;inlineAssets&quot;:false,&quot;cdn&quot;:false,&quot;charts&quot;:false,&quot;enableCharts&quot;:false,&quot;code&quot;:true,&quot;enableCode&quot;:true,&quot;autoOpen&quot;:false,&quot;overwrite&quot;:false,&quot;timestamp&quot;:false,&quot;ts&quot;:false,&quot;showPassed&quot;:true,&quot;showFailed&quot;:true,&quot;showPending&quot;:true,&quot;showSkipped&quot;:false,&quot;showHooks&quot;:&quot;failed&quot;,&quot;saveJson&quot;:true,&quot;saveHtml&quot;:true,&quot;dev&quot;:false,&quot;assetsDir&quot;:&quot;cypress\\reports\\mochawesome\\assets&quot;,&quot;jsonFile&quot;:&quot;C:\\Users\\shola.olagbemisoye\\IdeaProjects\\Risevest\\Risevest\\cypress\\reports\\mochawesome\\mochawesome.json&quot;,&quot;htmlFile&quot;:&quot;C:\\Users\\shola.olagbemisoye\\IdeaProjects\\Risevest\\Risevest\\cypress\\reports\\mochawesome\\mochawesome.html&quot;}"><div id="report"></div><script src="assets\app.js"></script></body></html>